Terminals unused in grammar

   NUMBER
   IDENTIFIER
   FUNCTION
   SEMICOLON
   LEFTCURLY
   RIGHTCURLY
   LEFTBRACK
   RIGHTBRACK
   COMMA
   RETURN
   INTEGER
   PRINT
   READ
   WHILE
   IF
   ELSE
   BREAK
   CONT
   FOR
   MAINFUNC
   ALPHA
   PLUS
   MINUS
   TIMES
   DIVIDE
   MOD
   LFTPAREN
   RGTPAREN
   EQUALS
   LESS
   LESSEQL
   GREATER
   GREATEREQL
   EQUALITY
   NOTEQL


Grammar

    0 $accept: program $end

    1 program: %empty


Terminals, with rules where they appear

$end (0) 0
error (256)
NUMBER (258)
IDENTIFIER (259)
FUNCTION (260)
SEMICOLON (261)
LEFTCURLY (262)
RIGHTCURLY (263)
LEFTBRACK (264)
RIGHTBRACK (265)
COMMA (266)
RETURN (267)
INTEGER (268)
PRINT (269)
READ (270)
WHILE (271)
IF (272)
ELSE (273)
BREAK (274)
CONT (275)
FOR (276)
MAINFUNC (277)
ALPHA (278)
PLUS (279)
MINUS (280)
TIMES (281)
DIVIDE (282)
MOD (283)
LFTPAREN (284)
RGTPAREN (285)
EQUALS (286)
LESS (287)
LESSEQL (288)
GREATER (289)
GREATEREQL (290)
EQUALITY (291)
NOTEQL (292)


Nonterminals, with rules where they appear

$accept (38)
    on left: 0
program (39)
    on left: 1, on right: 0


State 0

    0 $accept: . program $end

    $default  reduce using rule 1 (program)

    program  go to state 1


State 1

    0 $accept: program . $end

    $end  shift, and go to state 2


State 2

    0 $accept: program $end .

    $default  accept
